N =  100
UNSTABLE 20 percent missing 

K:  3   L:  10  classical
 loss:  [10.045279502868652, 6.336819171905518, 5.405241012573242]
 val:  [11.260788917541504, 6.235257148742676, 5.239004611968994]
--------------------------------------


K:  3   L:  10  smart 10/30
 loss:  [5.805840492248535, 6.465032577514648, 6.471693515777588]
 val:  [6.5313825607299805, 6.870522975921631, 6.680368423461914]
--------------------------------------


K:  3   L:  10  smart 15/30
 loss:  [3.93977952003479, 6.208492279052734, 4.938126087188721]
 val:  [3.766416072845459, 6.694470405578613, 7.214229583740234]
--------------------------------------


K:  3   L:  10  smart 10/50
 loss:  [6.844954967498779, 6.725685119628906, 6.565220832824707]
 val:  [6.976339817047119, 6.488778591156006, 6.488256931304932]
--------------------------------------



===============================================================

K:  3   L:  10  classical
 loss:  [7.8370890617370605, 5.354687690734863, 6.0661845207214355]
 val:  [7.971584796905518, 5.42130184173584, 6.2443366050720215]
--------------------------------------

K:  3   L:  10  smart 10/30
 loss:  [4.8740553855896, 4.350159168243408, 4.867820739746094]
 val:  [4.7841057777404785, 4.042950630187988, 4.537738800048828]
--------------------------------------

K:  3   L:  10  smart 15/30
 loss:  [3.95392107963562, 4.138792037963867, 4.639795303344727]
 val:  [3.722923517227173, 3.952672243118286, 4.674699306488037]
--------------------------------------

K:  3   L:  10  smart 10/50
 loss:  [4.8842620849609375, 1.5465017557144165, 1.7134335041046143]
 val:  [4.470577239990234, 1.677832007408142, 1.9026607275009155]

===============================================================

K:  3   L:  10  classical
 loss:  [5.542483806610107, 6.531254291534424, 10.412023544311523]
 val:  [5.365144729614258, 6.600417137145996, 11.12246322631836]
--------------------------------------

K:  3   L:  10  smart 10/30
 loss:  [5.647350311279297, 6.867358684539795, 5.957553386688232]
 val:  [5.58880090713501, 6.891505241394043, 5.858495235443115]
--------------------------------------

K:  3   L:  10  smart 15/30
 loss:  [4.7842888832092285, 5.445528984069824, 5.256485462188721]
 val:  [5.372182846069336, 5.33968448638916, 5.149252414703369]
--------------------------------------

K:  3   L:  10  smart 10/50
 loss:  [5.267576217651367, 5.673208236694336, 4.940139293670654]
 val:  [5.413125991821289, 4.943422794342041, 5.066896438598633]
--------------------------------------






UNSTABLE 40 percent missing 
K:  3   L:  10  classical
 loss:  [32.66834259033203, 15.45986557006836, 19.06877899169922]
 val:  [29.360857009887695, 43.06281661987305, 27.614971160888672]
--------------------------------------

K:  3   L:  10  smart 10/30
 loss:  [9.248149871826172, 11.256707191467285, 9.021759986877441]
 val:  [12.493451118469238, 12.886674880981445, 8.928360939025879]
--------------------------------------

K:  3   L:  10  smart 15/30
 loss:  [13.852288246154785, 11.06513786315918, 14.87561321258545]
 val:  [14.052420616149902, 12.331337928771973, 17.313142776489258]
--------------------------------------

K:  3   L:  10  smart 10/50
 loss:  [9.081928253173828, 9.381898880004883, 12.313458442687988]
 val:  [9.886938095092773, 10.715780258178711, 14.987129211425781]
--------------------------------------


STABLE 40 percent missing 

K:  3   L:  10  classical
EPOCHS: 100%|██████████| 2500/2500 [05:47<00:00,  7.20it/s]
EPOCHS: 100%|██████████| 2500/2500 [05:52<00:00,  7.10it/s]
EPOCHS: 100%|██████████| 2500/2500 [05:41<00:00,  7.31it/s]
 loss:  [11.652329444885254, 3.911933422088623, 3.6514594554901123]
 val:  [11.929133415222168, 4.388965606689453, 4.951345443725586]
--------------------------------------

K:  3   L:  10  smart 10/30
EPOCHS: 100%|██████████| 2500/2500 [08:56<00:00,  4.66it/s]
EPOCHS: 100%|██████████| 2500/2500 [09:08<00:00,  4.56it/s]
EPOCHS: 100%|██████████| 2500/2500 [08:11<00:00,  5.08it/s]
 loss:  [5.6511616706848145, 5.490743160247803, 3.601848602294922]
 val:  [6.030725479125977, 5.48654317855835, 3.8827929496765137]
--------------------------------------

K:  3   L:  10  smart 15/30
EPOCHS: 100%|██████████| 2500/2500 [08:45<00:00,  4.76it/s]
EPOCHS: 100%|██████████| 2500/2500 [09:06<00:00,  4.58it/s]
EPOCHS: 100%|██████████| 2500/2500 [09:00<00:00,  4.63it/s]
 loss:  [5.382370948791504, 2.6068334579467773, 4.696489334106445]
 val:  [5.80483865737915, 2.807145118713379, 4.894893646240234]
--------------------------------------

K:  3   L:  10  smart 10/50
EPOCHS: 100%|██████████| 2500/2500 [08:29<00:00,  4.91it/s]
EPOCHS: 100%|██████████| 2500/2500 [07:59<00:00,  5.21it/s]
EPOCHS: 100%|██████████| 2500/2500 [08:10<00:00,  5.10it/s]
 loss:  [2.956648349761963, 4.377554893493652, 4.130140781402588]
 val:  [2.9570882320404053, 4.63419771194458, 4.818269729614258]
--------------------------------------


